<?xml version="1.0" encoding="UTF-8"?>
<testng-results ignored="0" total="1" passed="1" failed="0" skipped="0">
  <reporter-output>
  </reporter-output>
  <suite started-at="2024-08-06T15:50:08 IST" name="Default suite" finished-at="2024-08-06T15:50:20 IST" duration-ms="11528">
    <groups>
    </groups>
    <test started-at="2024-08-06T15:50:08 IST" name="Default test" finished-at="2024-08-06T15:50:20 IST" duration-ms="11528">
      <class name="assertion.AssertEquals">
        <test-method signature="TestAsert()[pri:0, instance:assertion.AssertEquals@229c6181]" started-at="2024-08-06T15:50:09 IST" name="TestAsert" finished-at="2024-08-06T15:50:20 IST" duration-ms="11433" status="PASS">
          <reporter-output>
          </reporter-output>
        </test-method> <!-- TestAsert -->
      </class> <!-- assertion.AssertEquals -->
    </test> <!-- Default test -->
  </suite> <!-- Default suite -->
</testng-results>
